<?xml version="1.0" encoding="UTF-8"?>
<!-- Generated by org.testng.reporters.JUnitReportReporter -->
<testsuite skipped="0" hostname="TYSS-Sumanth" name="advancedConcepts.TC_SR_User_002" tests="1" failures="0" timestamp="2022-07-19T17:07:16 IST" time="12.575" errors="0">
  <testcase name="modifyUser" time="12.575" classname="advancedConcepts.TC_SR_User_002"/>
  <system-out>
User details is modified successfully  </system-out>
</testsuite> <!-- advancedConcepts.TC_SR_User_002 -->
