<?xml version="1.0" encoding="UTF-8"?>
<!-- Generated by org.testng.reporters.JUnitReportReporter -->
<testsuite skipped="0" hostname="TYSS-Sumanth" name="dataProviderConcept.ReadDataFromDataProviderInDiffPackage" tests="5" failures="0" timestamp="2022-07-22T11:15:06 IST" time="0.103" errors="0">
  <testcase name="read" time="0.014" classname="dataProviderConcept.ReadDataFromDataProviderInDiffPackage"/>
  <system-out/>
  <testcase name="read" time="0.031" classname="dataProviderConcept.ReadDataFromDataProviderInDiffPackage"/>
  <system-out/>
  <testcase name="read" time="0.007" classname="dataProviderConcept.ReadDataFromDataProviderInDiffPackage"/>
  <system-out/>
  <testcase name="read" time="0.039" classname="dataProviderConcept.ReadDataFromDataProviderInDiffPackage"/>
  <system-out/>
  <testcase name="read" time="0.012" classname="dataProviderConcept.ReadDataFromDataProviderInDiffPackage"/>
  <system-out/>
</testsuite> <!-- dataProviderConcept.ReadDataFromDataProviderInDiffPackage -->
