<?xml version="1.0" encoding="UTF-8"?>
<!-- Generated by org.testng.reporters.JUnitReportReporter -->
<testsuite skipped="0" hostname="TYSS-Sumanth" name="advancedConcepts.TC_SR_User_005" tests="1" failures="0" timestamp="2022-07-19T17:07:16 IST" time="13.010" errors="0">
  <testcase name="retriveUserInfo" time="13.010" classname="advancedConcepts.TC_SR_User_005"/>
  <system-out>
User details is retrieved successfully  </system-out>
</testsuite> <!-- advancedConcepts.TC_SR_User_005 -->
