<?xml version="1.0" encoding="UTF-8"?>
<!-- Generated by org.testng.reporters.JUnitReportReporter -->
<testsuite skipped="0" hostname="TYSS-Sumanth" name="advancedConcepts.TC_SR_User_001" tests="1" failures="0" timestamp="2022-07-22T12:56:08 IST" time="25.850" errors="0">
  <testcase name="createUser" time="25.850" classname="advancedConcepts.TC_SR_User_001"/>
  <system-out/>
</testsuite> <!-- advancedConcepts.TC_SR_User_001 -->
