<?xml version="1.0" encoding="UTF-8"?>
<!-- Generated by org.testng.reporters.JUnitReportReporter -->
<testsuite skipped="0" hostname="TYSS-Sumanth" name="advancedConcepts.TC_SR_User_004" tests="1" failures="0" timestamp="2022-07-19T17:07:16 IST" time="7.615" errors="0">
  <testcase name="cloneUser" time="7.615" classname="advancedConcepts.TC_SR_User_004"/>
  <system-out>
User data is cloned successfully  </system-out>
</testsuite> <!-- advancedConcepts.TC_SR_User_004 -->
