<?xml version="1.0" encoding="UTF-8"?>
<!-- Generated by org.testng.reporters.JUnitReportReporter -->
<testsuite skipped="0" hostname="TYSS-Sumanth" name="advancedConcepts.TC_SR_User_010" tests="1" failures="0" timestamp="2022-07-19T17:07:16 IST" time="8.905" errors="0">
  <testcase name="createUser" time="8.905" classname="advancedConcepts.TC_SR_User_010"/>
  <system-out>
User is created successfully  </system-out>
</testsuite> <!-- advancedConcepts.TC_SR_User_010 -->
