<?xml version="1.0" encoding="UTF-8"?>
<!-- Generated by org.testng.reporters.JUnitReportReporter -->
<testsuite skipped="1" hostname="TYSS-Sumanth" name="advancedConcepts.TC_SR_User_006" tests="1" failures="0" timestamp="2022-07-19T17:07:16 IST" time="0.000" errors="0">
  <testcase name="createUser" time="0.000" classname="advancedConcepts.TC_SR_User_006">
    <skipped/>
  </testcase> <!-- createUser -->
  <system-out/>
</testsuite> <!-- advancedConcepts.TC_SR_User_006 -->
